<?xml version="1.0" encoding="UTF-8"?>
<testng-results skipped="0" failed="0" ignored="0" total="5" passed="5">
  <reporter-output>
  </reporter-output>
  <suite name="Default suite" duration-ms="49211" started-at="2019-01-30T11:03:17Z" finished-at="2019-01-30T11:04:06Z">
    <groups>
    </groups>
    <test name="Default test" duration-ms="49211" started-at="2019-01-30T11:03:17Z" finished-at="2019-01-30T11:04:06Z">
      <class name="com.elearning.functional.TC38CreateGroupTest">
        <test-method status="PASS" signature="setUpBeforeClass()[pri:0, instance:com.elearning.functional.TC38CreateGroupTest@42d80b78]" name="setUpBeforeClass" is-config="true" duration-ms="24" started-at="2019-01-30T11:03:17Z" finished-at="2019-01-30T11:03:17Z">
          <reporter-output>
          </reporter-output>
        </test-method> <!-- setUpBeforeClass -->
        <test-method status="PASS" signature="setUp()[pri:0, instance:com.elearning.functional.TC38CreateGroupTest@42d80b78]" name="setUp" duration-ms="10472" started-at="2019-01-30T11:03:17Z" finished-at="2019-01-30T11:03:27Z">
          <reporter-output>
          </reporter-output>
        </test-method> <!-- setUp -->
        <test-method status="PASS" signature="CreateGroupTest()[pri:1, instance:com.elearning.functional.TC38CreateGroupTest@42d80b78]" name="CreateGroupTest" duration-ms="20964" started-at="2019-01-30T11:03:27Z" finished-at="2019-01-30T11:03:48Z">
          <reporter-output>
          </reporter-output>
        </test-method> <!-- CreateGroupTest -->
        <test-method status="PASS" signature="CreateNewGroupTest()[pri:2, instance:com.elearning.functional.TC38CreateGroupTest@42d80b78]" name="CreateNewGroupTest" duration-ms="3813" started-at="2019-01-30T11:03:48Z" finished-at="2019-01-30T11:03:52Z">
          <reporter-output>
          </reporter-output>
        </test-method> <!-- CreateNewGroupTest -->
        <test-method status="PASS" signature="SelectGroupmemberTest()[pri:3, instance:com.elearning.functional.TC38CreateGroupTest@42d80b78]" name="SelectGroupmemberTest" duration-ms="4992" started-at="2019-01-30T11:03:52Z" finished-at="2019-01-30T11:03:57Z">
          <reporter-output>
          </reporter-output>
        </test-method> <!-- SelectGroupmemberTest -->
        <test-method status="PASS" signature="EditGroupTest()[pri:4, instance:com.elearning.functional.TC38CreateGroupTest@42d80b78]" name="EditGroupTest" duration-ms="6969" started-at="2019-01-30T11:03:57Z" finished-at="2019-01-30T11:04:04Z">
          <reporter-output>
          </reporter-output>
        </test-method> <!-- EditGroupTest -->
        <test-method status="PASS" signature="tearDown()[pri:0, instance:com.elearning.functional.TC38CreateGroupTest@42d80b78]" name="tearDown" is-config="true" duration-ms="1919" started-at="2019-01-30T11:04:04Z" finished-at="2019-01-30T11:04:06Z">
          <reporter-output>
          </reporter-output>
        </test-method> <!-- tearDown -->
      </class> <!-- com.elearning.functional.TC38CreateGroupTest -->
    </test> <!-- Default test -->
  </suite> <!-- Default suite -->
</testng-results>
